
Showing logs for build [32mcb-kubecd-bdd-gh-1582029834-pr-x75wr-1[0m stage [32mfrom-build-pack[0m and container [32mstep-credential-initializer-k622p[0m
{"level":"warn","ts":1582031456.2546008,"logger":"fallback-logger","caller":"logging/config.go:69","msg":"Fetch GitHub commit ID from kodata failed: \"ref: refs/heads/0.8.0-**-support-backwards-incompats\" is not a valid GitHub commit ID"}
{"level":"info","ts":1582031456.2554617,"logger":"fallback-logger","caller":"creds-init/main.go:40","msg":"Credentials initialized."}

Showing logs for build [32mcb-kubecd-bdd-gh-1582029834-pr-x75wr-1[0m stage [32mfrom-build-pack[0m and container [32mstep-working-dir-initializer-mqgl2[0m
{"level":"warn","ts":1582031457.3421488,"logger":"fallback-logger","caller":"logging/config.go:69","msg":"Fetch GitHub commit ID from kodata failed: open /var/run/ko/HEAD: no such file or directory"}
{"level":"info","ts":1582031457.3474047,"logger":"fallback-logger","caller":"bash/main.go:64","msg":"Successfully executed command \"sh -c mkdir -p /workspace/source\"; output "}

Showing logs for build [32mcb-kubecd-bdd-gh-1582029834-pr-x75wr-1[0m stage [32mfrom-build-pack[0m and container [32mstep-place-tools[0m

Showing logs for build [32mcb-kubecd-bdd-gh-1582029834-pr-x75wr-1[0m stage [32mfrom-build-pack[0m and container [32mstep-git-source-cb-kubecd-bdd-gh-1582029834-pr-x75wr-8626g[0m
{"level":"warn","ts":1582031464.7580962,"logger":"fallback-logger","caller":"logging/config.go:69","msg":"Fetch GitHub commit ID from kodata failed: \"ref: refs/heads/0.8.0-**-support-backwards-incompats\" is not a valid GitHub commit ID"}
{"level":"info","ts":1582031466.0539432,"logger":"fallback-logger","caller":"git/git.go:103","msg":"Successfully cloned https://github.com/cb-kubecd/bdd-gh-1582029834.git @ master in path /workspace/source"}

Showing logs for build [32mcb-kubecd-bdd-gh-1582029834-pr-x75wr-1[0m stage [32mfrom-build-pack[0m and container [32mstep-git-merge[0m
Using SHAs from PULL_REFS=master:0e4966b5bf94d86323925334b4d1efd23a340a7d,1:0f9503aad8bcbc6fec18bc8078b6c57294eba3d9
DEBUG: LC_ALL=C JX_LOG_LEVEL=error git fetch origin --unshallow 0f9503aad8bcbc6fec18bc8078b6c57294eba3d9: 0e4966b5bf94d86323925334b4d1efd23a340a7d:
DEBUG: ran git fetch --unshallow origin 0f9503aad8bcbc6fec18bc8078b6c57294eba3d9: 0e4966b5bf94d86323925334b4d1efd23a340a7d: in 
DEBUG: LC_ALL=C JX_LOG_LEVEL=error git branch
DEBUG: LC_ALL=C JX_LOG_LEVEL=error git checkout master
DEBUG: ran git checkout master in 
DEBUG: LC_ALL=C JX_LOG_LEVEL=error git reset --hard 0e4966b5bf94d86323925334b4d1efd23a340a7d
DEBUG: ran git reset --hard 0e4966b5bf94d86323925334b4d1efd23a340a7d in 
DEBUG: LC_ALL=C JX_LOG_LEVEL=error git clean -fd .
DEBUG: ran clean --force -d . in 
DEBUG: LC_ALL=C JX_LOG_LEVEL=error git merge 0f9503aad8bcbc6fec18bc8078b6c57294eba3d9
DEBUG: ran git merge 0f9503aad8bcbc6fec18bc8078b6c57294eba3d9 in 
DEBUG: LC_ALL=C JX_LOG_LEVEL=error git log --format=%H%x1f%an%x1f%ae%x1f%cn%x1f%ce%x1f%s%n%b%x1e 0e4966b5bf94d86323925334b4d1efd23a340a7d..HEAD
Merged SHA 0f9503aad8bcbc6fec18bc8078b6c57294eba3d9 with commit message 'My first PR commit' into base branch master

Showing logs for build [32mcb-kubecd-bdd-gh-1582029834-pr-x75wr-1[0m stage [32mfrom-build-pack[0m and container [32mstep-build-make-linux[0m
CGO_ENABLED=0 GOOS=linux GOARCH=amd64 GO15VENDOREXPERIMENT=1 go build -ldflags '' -o bin/bdd-gh-1582029834 main.go

Showing logs for build [32mcb-kubecd-bdd-gh-1582029834-pr-x75wr-1[0m stage [32mfrom-build-pack[0m and container [32mstep-build-container-build[0m
[36mINFO[0m[0000] No base image, nothing to extract            
[36mINFO[0m[0000] cmd: EXPOSE                                  
[36mINFO[0m[0000] Adding exposed port: 8080/tcp                
[36mINFO[0m[0000] Using files from context: [/workspace/source/bin] 
[36mINFO[0m[0000] Skipping unpacking as no commands require it. 
[36mINFO[0m[0000] Taking snapshot of full filesystem...        
[36mINFO[0m[0000] EXPOSE 8080                                  
[36mINFO[0m[0000] cmd: EXPOSE                                  
[36mINFO[0m[0000] Adding exposed port: 8080/tcp                
[36mINFO[0m[0000] No files changed in this command, skipping snapshotting. 
[36mINFO[0m[0000] ENTRYPOINT ["/bdd-gh-1582029834"]            
[36mINFO[0m[0000] No files changed in this command, skipping snapshotting. 
[36mINFO[0m[0000] Using files from context: [/workspace/source/bin] 
[36mINFO[0m[0000] COPY ./bin/ /                                
[36mINFO[0m[0000] Taking snapshot of files...                  
2020/02/18 13:11:24 pushed blob: sha256:3a27017b6ed35f2e9f05aab46ab1216513cc14b5d8ec183f266a232f5e8a2de8
2020/02/18 13:11:24 pushed blob: sha256:13e9406281ce5abaec24394ca2e2227fee7f04a69f68e2efd532fd925ae11415
2020/02/18 13:11:26 gcr.io/jenkins-x-bdd3/bdd-gh-1582029834:0.0.0-SNAPSHOT-PR-1-1: digest: sha256:622aa55827719cbff8ca97583b4fe16cefababe80d6c04fc676d4b27f1a62407 size: 428

Showing logs for build [32mcb-kubecd-bdd-gh-1582029834-pr-x75wr-1[0m stage [32mfrom-build-pack[0m and container [32mstep-postbuild-post-build[0m
no CVE provider running in the current ** namespace so skip adding image to be analysed

Showing logs for build [32mcb-kubecd-bdd-gh-1582029834-pr-x75wr-1[0m stage [32mfrom-build-pack[0m and container [32mstep-promote-make-preview[0m
sed -i -e "s/version:.*/version: 0.0.0-SNAPSHOT-PR-1-1/" Chart.yaml
sed -i -e "s/version:.*/version: 0.0.0-SNAPSHOT-PR-1-1/" ../*/Chart.yaml
sed -i -e "s|repository:.*|repository: gcr.io\/jenkins-x-bdd3\/bdd-gh-1582029834|" values.yaml
sed -i -e "s/tag:.*/tag: 0.0.0-SNAPSHOT-PR-1-1/" values.yaml
echo "  version: 0.0.0-SNAPSHOT-PR-1-1" >> requirements.yaml
** step helm build
WARNING: No $CHART_REPOSITORY defined so using the default value of: http://jenkins-x-chartmuseum:8080
Adding missing Helm repo: storage.googleapis.com https://storage.googleapis.com/chartmuseum.jenkins-x.io
WARNING: No secrets found on "helm/repos" due: reading the secret "helm/repos" from vault: no secret "helm/repos" not found in vault
Read credentials for https://storage.googleapis.com/chartmuseum.jenkins-x.io from vault helm/repos
Successfully added Helm repository storage.googleapis.com.
Adding missing Helm repo: jenkins-x-chartmuseum http://jenkins-x-chartmuseum:8080
WARNING: No secrets found on "helm/repos" due: reading the secret "helm/repos" from vault: no secret "helm/repos" not found in vault
Read credentials for http://jenkins-x-chartmuseum:8080 from vault helm/repos
Successfully added Helm repository jenkins-x-chartmuseum.
WARNING: No $CHART_REPOSITORY defined so using the default value of: http://jenkins-x-chartmuseum:8080
Adding missing Helm repo: chartmuseum.jenkins-x.io http://chartmuseum.jenkins-x.io
WARNING: No secrets found on "helm/repos" due: reading the secret "helm/repos" from vault: no secret "helm/repos" not found in vault
Read credentials for http://chartmuseum.jenkins-x.io from vault helm/repos
Successfully added Helm repository chartmuseum.jenkins-x.io.

Showing logs for build [32mcb-kubecd-bdd-gh-1582029834-pr-x75wr-1[0m stage [32mfrom-build-pack[0m and container [32mstep-promote-jx-preview[0m
Creating a preview
Created environment cb-kubecd-bdd-gh-1582029834-pr-1
Namespace **-cb-kubecd-bdd-gh-1582029834-pr-1 created 
expose:
  Annotations:
    helm.sh/hook: post-install,post-upgrade
    helm.sh/hook-delete-policy: hook-succeeded
  config:
    domain: 130.211.61.140.nip.io
    exposer: Ingress
    http: "true"
preview:
  image:
    repository: gcr.io/jenkins-x-bdd3/bdd-gh-1582029834
    tag: 0.0.0-SNAPSHOT-PR-1-1

Updating PipelineActivities cb-kubecd-bdd-gh-1582029834-pr-1-1 which has status Running
WARNING: preview application http://bdd-gh-1582029834.**-cb-kubecd-bdd-gh-1582029834-pr-1.130.211.61.140.nip.io not available, error was 503 503 Service Temporarily Unavailable, delaying for: 1.229180727s
WARNING: preview application http://bdd-gh-1582029834.**-cb-kubecd-bdd-gh-1582029834-pr-1.130.211.61.140.nip.io not available, error was 503 503 Service Temporarily Unavailable, delaying for: 1.854102902s
Preview application is now available at: http://bdd-gh-1582029834.**-cb-kubecd-bdd-gh-1582029834-pr-1.130.211.61.140.nip.io
